0 info it worked if it ends with ok
1 verbose cli [ '/Users/Alexander/.nvm/versions/node/v7.7.2/bin/node',
1 verbose cli   '/Users/Alexander/.nvm/versions/node/v7.7.2/bin/npm',
1 verbose cli   'run',
1 verbose cli   'watc' ]
2 info using npm@4.1.2
3 info using node@v7.7.2
4 verbose stack Error: missing script: watc
4 verbose stack     at run (/Users/Alexander/.nvm/versions/node/v7.7.2/lib/node_modules/npm/lib/run-script.js:151:19)
4 verbose stack     at /Users/Alexander/.nvm/versions/node/v7.7.2/lib/node_modules/npm/lib/run-script.js:61:5
4 verbose stack     at /Users/Alexander/.nvm/versions/node/v7.7.2/lib/node_modules/npm/node_modules/read-package-json/read-json.js:356:5
4 verbose stack     at checkBinReferences_ (/Users/Alexander/.nvm/versions/node/v7.7.2/lib/node_modules/npm/node_modules/read-package-json/read-json.js:320:45)
4 verbose stack     at final (/Users/Alexander/.nvm/versions/node/v7.7.2/lib/node_modules/npm/node_modules/read-package-json/read-json.js:354:3)
4 verbose stack     at then (/Users/Alexander/.nvm/versions/node/v7.7.2/lib/node_modules/npm/node_modules/read-package-json/read-json.js:124:5)
4 verbose stack     at ReadFileContext.<anonymous> (/Users/Alexander/.nvm/versions/node/v7.7.2/lib/node_modules/npm/node_modules/read-package-json/read-json.js:295:20)
4 verbose stack     at ReadFileContext.callback (/Users/Alexander/.nvm/versions/node/v7.7.2/lib/node_modules/npm/node_modules/graceful-fs/graceful-fs.js:78:16)
4 verbose stack     at FSReqWrap.readFileAfterOpen [as oncomplete] (fs.js:358:13)
5 verbose cwd /Users/Alexander/Documents/MyProjects/nem.tests
6 error Darwin 16.7.0
7 error argv "/Users/Alexander/.nvm/versions/node/v7.7.2/bin/node" "/Users/Alexander/.nvm/versions/node/v7.7.2/bin/npm" "run" "watc"
8 error node v7.7.2
9 error npm  v4.1.2
10 error missing script: watc
11 error If you need help, you may report this error at:
11 error     <https://github.com/npm/npm/issues>
12 verbose exit [ 1, true ]
